<?xml version="1.0" encoding="UTF-8"?>
<!-- Generated by org.testng.reporters.JUnitXMLReporter -->
<testsuite ignored="2" hostname="DESKTOP-1SSOFLA" failures="1" tests="2" name="LoginAndLogoutTest" time="30.4" errors="0" timestamp="2022-11-25T12:31:08 IST">
  <testcase classname="Nykaa_Test.d_LogoutTest" name="Logout" time="3.027">
    <failure type="java.lang.NullPointerException" message="Cannot invoke &amp;quot;Nykaa.PageObjects.d_CartVerification.Logout()&amp;quot; because &amp;quot;this.cart&amp;quot; is null">
      <![CDATA[java.lang.NullPointerException: Cannot invoke "Nykaa.PageObjects.d_CartVerification.Logout()" because "this.cart" is null
at Nykaa_Test.d_LogoutTest.Logout(d_LogoutTest.java:10)
at java.base/java.util.ArrayList.forEach(ArrayList.java:1511)
at java.base/java.util.concurrent.FutureTask.run(FutureTask.java:264)
at java.base/java.util.concurrent.ThreadPoolExecutor.runWorker(ThreadPoolExecutor.java:1136)
at java.base/java.util.concurrent.ThreadPoolExecutor$Worker.run(ThreadPoolExecutor.java:635)
at java.base/java.lang.Thread.run(Thread.java:833)
... Removed 15 stack frames]]>
    </failure>
  </testcase> <!-- Logout -->
  <testcase classname="Nykaa_Test.a_LoginTest" name="Login_Test" time="27.296"/>
  <testcase classname="Nykaa_Test._Test_Utility" name="@BeforeSuite Setup" time="0.0">
    <ignored/>
  </testcase> <!-- @BeforeSuite Setup -->
  <testcase classname="Nykaa_Test._Test_Utility" name="@AfterSuite close" time="0.0">
    <ignored/>
  </testcase> <!-- @AfterSuite close -->
</testsuite> <!-- LoginAndLogoutTest -->
