<?xml version="1.0" encoding="UTF-8"?>
<!-- Generated by org.testng.reporters.JUnitXMLReporter -->
<testsuite ignored="0" hostname="DESKTOP-1SSOFLA" failures="0" tests="5" name="Parametrization" time="0.108" errors="0" timestamp="2022-11-15T11:05:54 IST">
  <testcase classname="com.SeleniumUdemy.TestNG.Parameterization" name="Run" time="0.005"/>
  <testcase classname="com.SeleniumUdemy.TestNG.Parameterization" name="Run" time="0.007"/>
  <testcase classname="com.SeleniumUdemy.TestNG.Parameterization" name="Run" time="0.004"/>
  <testcase classname="com.SeleniumUdemy.TestNG.Parameterization" name="Run" time="0.003"/>
  <testcase classname="com.SeleniumUdemy.TestNG.Parameterization" name="Test" time="0.007"/>
</testsuite> <!-- Parametrization -->
