<?xml version="1.0" encoding="UTF-8"?>
<!-- Generated by org.testng.reporters.JUnitXMLReporter -->
<testsuite ignored="0" hostname="DESKTOP-1SSOFLA" failures="1" tests="3" name="ProductVerificationTest" time="140.951" errors="0" timestamp="2022-11-25T10:50:39 IST">
  <testcase classname="Nykaa_Test.c_FinalProductsTest" name="Login_Test" time="32.974"/>
  <testcase classname="Nykaa_Test.c_FinalProductsTest" name="EmptyBag_Test" time="31.017"/>
  <testcase classname="Nykaa_Test.c_FinalProductsTest" name="compareActualAndExpectedProducts" time="73.062">
    <failure type="java.lang.ArrayIndexOutOfBoundsException" message="Index 3 out of bounds for length 3">
      <![CDATA[java.lang.ArrayIndexOutOfBoundsException: Index 3 out of bounds for length 3
at Nykaa_Test.c_FinalProductsTest.compareActualAndExpectedProducts(c_FinalProductsTest.java:38)
at java.base/java.util.ArrayList.forEach(ArrayList.java:1511)
at java.base/java.util.concurrent.FutureTask.run(FutureTask.java:264)
at java.base/java.util.concurrent.ThreadPoolExecutor.runWorker(ThreadPoolExecutor.java:1136)
at java.base/java.util.concurrent.ThreadPoolExecutor$Worker.run(ThreadPoolExecutor.java:635)
at java.base/java.lang.Thread.run(Thread.java:833)
... Removed 15 stack frames]]>
    </failure>
  </testcase> <!-- compareActualAndExpectedProducts -->
</testsuite> <!-- ProductVerificationTest -->
