<?xml version="1.0" encoding="UTF-8"?>
<!-- Generated by org.testng.reporters.JUnitXMLReporter -->
<testsuite ignored="1" hostname="DESKTOP-1SSOFLA" failures="0" tests="2" name="Smoke" time="0.126" errors="0" timestamp="2022-11-14T10:26:58 IST">
  <testcase classname="com.SeleniumUdemy.TestNG.Basics1" name="run1" time="0.024"/>
  <testcase classname="com.SeleniumUdemy.TestNG.Basics2" name="run1" time="0.003"/>
  <testcase classname="com.SeleniumUdemy.TestNG.Basics1" name="run" time="0.0">
    <ignored/>
  </testcase> <!-- run -->
</testsuite> <!-- Smoke -->
