<?xml version="1.0" encoding="UTF-8"?>
<!-- Generated by org.testng.reporters.JUnitXMLReporter -->
<testsuite ignored="0" hostname="DESKTOP-1SSOFLA" failures="0" tests="3" name="TestNGBasics" time="0.201" errors="0" timestamp="2022-11-15T11:05:53 IST">
  <testcase classname="com.SeleniumUdemy.TestNG.Annotations" name="run" time="0.033"/>
  <testcase classname="com.SeleniumUdemy.TestNG.Annotations" name="run1" time="0.004"/>
  <testcase classname="com.SeleniumUdemy.TestNG.HelperAttributes" name="run1" time="0.006"/>
</testsuite> <!-- TestNGBasics -->
