<?xml version="1.0" encoding="UTF-8"?>
<!-- Generated by org.testng.reporters.JUnitXMLReporter -->
<testsuite ignored="0" hostname="DESKTOP-1SSOFLA" failures="0" tests="3" name="TestNG" time="0.208" errors="0" timestamp="2022-11-14T11:23:59 IST">
  <testcase classname="com.SeleniumUdemy.TestNG.Basics1" name="run" time="0.037"/>
  <testcase classname="com.SeleniumUdemy.TestNG.Basics1" name="run1" time="0.004"/>
  <testcase classname="com.SeleniumUdemy.TestNG.Basics2" name="run1" time="0.004"/>
</testsuite> <!-- TestNG -->
